1666287203186:init -n 5
1666287212582:init --n 5
1666287254701:init --n 10
1666287532760:clear
1666287544240:5
1666287616836:init --n 15
1666287623423:inita --n 2
1666287864107:init --n 10
1666287878813:get --employee-id 1
1666287896609:get --employeeId 1
1666288046420:help
1666288140151:exit
1666288152819:help
1666288454401:help init
1666288762258:help read-sales-man
1666288764846:help
1666288773744:help get
1666288850287:help create
1666289242641:create --id 12
1666289267811:create --employeeId 12
1666289333755:help create
1666289409033:exit
1666289421209:help create
1666289525899:exit
1666289539258:help create
1666289602999:exit
1666289624950:help create
1666289639889:create
1666290807596:help
1666291682198:help script
1666291771404:script --file test
1666291897610:script --file init
1666291910802:script --file test.txt
1666292133818:script --file script.sh
1666292570090:init
1666293626412:get --employeeId 2
1666294408878:help
1666294572230:script script.sh
1666295065688:help
1666295255588:script script.sh
1666295305103:help
1666295382173:quit
1666296555925:script sc.sh
1666296609690:exit
1666688783903:help
1666688838313:init help
1666688841529:help init
1666688899887:init --salesmen 10 --records 5
1666688952535:help get
1666688978749:get --employeeId 0
1666689057801:script sc.sh
1666690203649:quit
